[0m[[0m[0mdebug[0m] [0m[0m> Exec(test, None, None)[0m
[0m[[0m[0mdebug[0m] [0m[0mEvaluating tasks: Test / test[0m
[0m[[0m[0mdebug[0m] [0m[0mRunning task... Cancel: Signal, check cycles: false, forcegc: true[0m
[0m[[0m[0mdebug[0m] [0m[0mExporting web-assets:play-template[0m
[0m[[0m[0mdebug[0m] [0m[0mExporting web-assets-test:play-template[0m
[0m[[0m[0minfo[0m] [0m[0mcompiling 1 Scala source to /Users/william.stanistreet/Documents/Scala/play/play-template/target/scala-2.13/test-classes ...[0m
[0m[[0m[0minfo[0m] [0m[0mdone compiling[0m
[0m[[0m[0minfo[0m] [0m[0m[32mHomeControllerSpec:[0m[0m
[0m[[0m[0minfo[0m] [0m[0m[32mHomeController GET[0m[0m
[0m[[0m[0minfo[0m] [0m[0m[31m- should render the index page from a new instance of controller *** FAILED ***[0m[0m
[0m[[0m[0minfo[0m] [0m[0m[31m  "[0m[0m
[0m[[0m[0minfo[0m] [0m[0m  [0m
[0m[[0m[0minfo[0m] [0m[0m[31m  <!DOCTYPE html>[0m[0m
[0m[[0m[0minfo[0m] [0m[0m[31m  <html lang="en">[0m[0m
[0m[[0m[0minfo[0m] [0m[0m[31m      <head>[0m[0m
[0m[[0m[0minfo[0m] [0m[0m          [0m
[0m[[0m[0minfo[0m] [0m[0m[31m          <title>Play Scala API demo</title>[0m[0m
[0m[[0m[0minfo[0m] [0m[0m[31m          <link rel="stylesheet" media="screen" href="/assets/stylesheets/main.css">[0m[0m
[0m[[0m[0minfo[0m] [0m[0m[31m          <link rel="shortcut icon" type="image/png" href="/assets/images/favicon.png">[0m[0m
[0m[[0m[0minfo[0m] [0m[0m  [0m
[0m[[0m[0minfo[0m] [0m[0m[31m      </head>[0m[0m
[0m[[0m[0minfo[0m] [0m[0m[31m      <body>[0m[0m
[0m[[0m[0minfo[0m] [0m[0m          [0m
[0m[[0m[0minfo[0m] [0m[0m          [0m
[0m[[0m[0minfo[0m] [0m[0m  [0m
[0m[[0m[0minfo[0m] [0m[0m[31m  <div class="container h-100 d-flex justify-content-center">[0m[0m
[0m[[0m[0minfo[0m] [0m[0m  [0m
[0m[[0m[0minfo[0m] [0m[0m[31m    <div class="jumbotron my-auto">[0m[0m
[0m[[0m[0minfo[0m] [0m[0m  [0m
[0m[[0m[0minfo[0m] [0m[0m[31m      <div class="container mb-5">[0m[0m
[0m[[0m[0minfo[0m] [0m[0m[31m        <h1 class="display-3 row">Play Scala API Demo</h1>[0m[0m
[0m[[0m[0minfo[0m] [0m[0m[31m      </div>[0m[0m
[0m[[0m[0minfo[0m] [0m[0m  [0m
[0m[[0m[0minfo[0m] [0m[0m[31m      <p class="lead">[0m[0m
[0m[[0m[0minfo[0m] [0m[0m[31m        A demo project based off the <a href="https://github.com/miranda-hawkes/induction-tutorials/blob/master/Building-A-RESTful-API-With-Scala-Play/README.md"> Building a RESTful API with Scala and Play </a> tutorial.[0m[0m
[0m[[0m[0minfo[0m] [0m[0m[31m      </p>[0m[0m
[0m[[0m[0minfo[0m] [0m[0m  [0m
[0m[[0m[0minfo[0m] [0m[0m[31m      <p class="lead mb-5">This project is deployed via Heroku.</p>[0m[0m
[0m[[0m[0minfo[0m] [0m[0m  [0m
[0m[[0m[0minfo[0m] [0m[0m[31m      <h3>API Documentation</h3>[0m[0m
[0m[[0m[0minfo[0m] [0m[0m[31m      <div class="justify-content-center">[0m[0m
[0m[[0m[0minfo[0m] [0m[0m[31m        <table class="table">[0m[0m
[0m[[0m[0minfo[0m] [0m[0m[31m          <thead>[0m[0m
[0m[[0m[0minfo[0m] [0m[0m[31m          <tr>[0m[0m
[0m[[0m[0minfo[0m] [0m[0m[31m            <th scope="col">URL</th>[0m[0m
[0m[[0m[0minfo[0m] [0m[0m[31m            <th scope="col">HTTP Method</th>[0m[0m
[0m[[0m[0minfo[0m] [0m[0m[31m            <th scope="col">Required Header</th>[0m[0m
[0m[[0m[0minfo[0m] [0m[0m[31m            <th scope="col">Body</th>[0m[0m
[0m[[0m[0minfo[0m] [0m[0m[31m          </tr>[0m[0m
[0m[[0m[0minfo[0m] [0m[0m[31m          </thead>[0m[0m
[0m[[0m[0minfo[0m] [0m[0m[31m          <tbody>[0m[0m
[0m[[0m[0minfo[0m] [0m[0m[31m          <tr>[0m[0m
[0m[[0m[0minfo[0m] [0m[0m[31m            <th scope="row">/api</th>[0m[0m
[0m[[0m[0minfo[0m] [0m[0m[31m            <td><code>GET</code></td>[0m[0m
[0m[[0m[0minfo[0m] [0m[0m[31m            <td>None</td>[0m[0m
[0m[[0m[0minfo[0m] [0m[0m[31m            <td>N/A</td>[0m[0m
[0m[[0m[0minfo[0m] [0m[0m[31m          </tr>[0m[0m
[0m[[0m[0minfo[0m] [0m[0m[31m          <tr>[0m[0m
[0m[[0m[0minfo[0m] [0m[0m[31m            <th scope="row">/api</th>[0m[0m
[0m[[0m[0minfo[0m] [0m[0m[31m            <td><code>POST</code></td>[0m[0m
[0m[[0m[0minfo[0m] [0m[0m[31m            <td>Content-Type: application/json</td>[0m[0m
[0m[[0m[0minfo[0m] [0m[0m[31m            <td><code>[0m[0m
[0m[[0m[0minfo[0m] [0m[0m[31m              "_id" : String[0m[0m
[0m[[0m[0minfo[0m] [0m[0m[31m              <br>[0m[0m
[0m[[0m[0minfo[0m] [0m[0m[31m              "name" : String[0m[0m
[0m[[0m[0minfo[0m] [0m[0m[31m              <br>[0m[0m
[0m[[0m[0minfo[0m] [0m[0m[31m              "description" : String[0m[0m
[0m[[0m[0minfo[0m] [0m[0m[31m              <br>[0m[0m
[0m[[0m[0minfo[0m] [0m[0m[31m              "numSales" : Int[0m[0m
[0m[[0m[0minfo[0m] [0m[0m[31m            </code></td>[0m[0m
[0m[[0m[0minfo[0m] [0m[0m[31m          </tr>[0m[0m
[0m[[0m[0minfo[0m] [0m[0m[31m          <tr>[0m[0m
[0m[[0m[0minfo[0m] [0m[0m[31m            <th scope="row">/api/:id</th>[0m[0m
[0m[[0m[0minfo[0m] [0m[0m[31m            <td><code>GET</code></td>[0m[0m
[0m[[0m[0minfo[0m] [0m[0m[31m            <td>None</td>[0m[0m
[0m[[0m[0minfo[0m] [0m[0m[31m            <td>N/A</td>[0m[0m
[0m[[0m[0minfo[0m] [0m[0m[31m          </tr>[0m[0m
[0m[[0m[0minfo[0m] [0m[0m[31m          <tr>[0m[0m
[0m[[0m[0minfo[0m] [0m[0m[31m            <th scope="row">/api/:id</th>[0m[0m
[0m[[0m[0minfo[0m] [0m[0m[31m            <td><code>PUT</code></td>[0m[0m
[0m[[0m[0minfo[0m] [0m[0m[31m            <td>Content-Type: application/json</td>[0m[0m
[0m[[0m[0minfo[0m] [0m[0m[31m            <td><code>[0m[0m
[0m[[0m[0minfo[0m] [0m[0m[31m              "_id" : String[0m[0m
[0m[[0m[0minfo[0m] [0m[0m[31m              <br>[0m[0m
[0m[[0m[0minfo[0m] [0m[0m[31m              "name" : String[0m[0m
[0m[[0m[0minfo[0m] [0m[0m[31m              <br>[0m[0m
[0m[[0m[0minfo[0m] [0m[0m[31m              "description" : String[0m[0m
[0m[[0m[0minfo[0m] [0m[0m[31m              <br>[0m[0m
[0m[[0m[0minfo[0m] [0m[0m[31m              "numSales" : Int[0m[0m
[0m[[0m[0minfo[0m] [0m[0m[31m            </code></td>[0m[0m
[0m[[0m[0minfo[0m] [0m[0m[31m          </tr>[0m[0m
[0m[[0m[0minfo[0m] [0m[0m[31m          <tr>[0m[0m
[0m[[0m[0minfo[0m] [0m[0m[31m            <th scope="row">/api/:id</th>[0m[0m
[0m[[0m[0minfo[0m] [0m[0m[31m            <td><code>DELETE</code></td>[0m[0m
[0m[[0m[0minfo[0m] [0m[0m[31m            <td>Content-Type: application/json</td>[0m[0m
[0m[[0m[0minfo[0m] [0m[0m[31m            <td>N/A</td>[0m[0m
[0m[[0m[0minfo[0m] [0m[0m[31m          </tr>[0m[0m
[0m[[0m[0minfo[0m] [0m[0m[31m          </tbody>[0m[0m
[0m[[0m[0minfo[0m] [0m[0m[31m        </table>[0m[0m
[0m[[0m[0minfo[0m] [0m[0m[31m      </div>[0m[0m
[0m[[0m[0minfo[0m] [0m[0m[31m    </div>[0m[0m
[0m[[0m[0minfo[0m] [0m[0m  [0m
[0m[[0m[0minfo[0m] [0m[0m[31m  </div>[0m[0m
[0m[[0m[0minfo[0m] [0m[0m  [0m
[0m[[0m[0minfo[0m] [0m[0m  [0m
[0m[[0m[0minfo[0m] [0m[0m[31m        <script src="/assets/javascripts/main.js" type="text/javascript"></script>[0m[0m
[0m[[0m[0minfo[0m] [0m[0m[31m      </body>[0m[0m
[0m[[0m[0minfo[0m] [0m[0m[31m  </html>[0m[0m
[0m[[0m[0minfo[0m] [0m[0m  [0m
[0m[[0m[0minfo[0m] [0m[0m[31m  " did not include substring "Welcome to Play" (HomeControllerSpec.scala:28)[0m[0m
[0m[[0m[0minfo[0m] [0m[0m[31m- should render the index page from the application *** FAILED ***[0m[0m
[0m[[0m[0minfo[0m] [0m[0m[31m  "[0m[0m
[0m[[0m[0minfo[0m] [0m[0m  [0m
[0m[[0m[0minfo[0m] [0m[0m[31m  <!DOCTYPE html>[0m[0m
[0m[[0m[0minfo[0m] [0m[0m[31m  <html lang="en">[0m[0m
[0m[[0m[0minfo[0m] [0m[0m[31m      <head>[0m[0m
[0m[[0m[0minfo[0m] [0m[0m          [0m
[0m[[0m[0minfo[0m] [0m[0m[31m          <title>Play Scala API demo</title>[0m[0m
[0m[[0m[0minfo[0m] [0m[0m[31m          <link rel="stylesheet" media="screen" href="/assets/stylesheets/main.css">[0m[0m
[0m[[0m[0minfo[0m] [0m[0m[31m          <link rel="shortcut icon" type="image/png" href="/assets/images/favicon.png">[0m[0m
[0m[[0m[0minfo[0m] [0m[0m  [0m
[0m[[0m[0minfo[0m] [0m[0m[31m      </head>[0m[0m
[0m[[0m[0minfo[0m] [0m[0m[31m      <body>[0m[0m
[0m[[0m[0minfo[0m] [0m[0m          [0m
[0m[[0m[0minfo[0m] [0m[0m          [0m
[0m[[0m[0minfo[0m] [0m[0m  [0m
[0m[[0m[0minfo[0m] [0m[0m[31m  <div class="container h-100 d-flex justify-content-center">[0m[0m
[0m[[0m[0minfo[0m] [0m[0m  [0m
[0m[[0m[0minfo[0m] [0m[0m[31m    <div class="jumbotron my-auto">[0m[0m
[0m[[0m[0minfo[0m] [0m[0m  [0m
[0m[[0m[0minfo[0m] [0m[0m[31m      <div class="container mb-5">[0m[0m
[0m[[0m[0minfo[0m] [0m[0m[31m        <h1 class="display-3 row">Play Scala API Demo</h1>[0m[0m
[0m[[0m[0minfo[0m] [0m[0m[31m      </div>[0m[0m
[0m[[0m[0minfo[0m] [0m[0m  [0m
[0m[[0m[0minfo[0m] [0m[0m[31m      <p class="lead">[0m[0m
[0m[[0m[0minfo[0m] [0m[0m[31m        A demo project based off the <a href="https://github.com/miranda-hawkes/induction-tutorials/blob/master/Building-A-RESTful-API-With-Scala-Play/README.md"> Building a RESTful API with Scala and Play </a> tutorial.[0m[0m
[0m[[0m[0minfo[0m] [0m[0m[31m      </p>[0m[0m
[0m[[0m[0minfo[0m] [0m[0m  [0m
[0m[[0m[0minfo[0m] [0m[0m[31m      <p class="lead mb-5">This project is deployed via Heroku.</p>[0m[0m
[0m[[0m[0minfo[0m] [0m[0m  [0m
[0m[[0m[0minfo[0m] [0m[0m[31m      <h3>API Documentation</h3>[0m[0m
[0m[[0m[0minfo[0m] [0m[0m[31m      <div class="justify-content-center">[0m[0m
[0m[[0m[0minfo[0m] [0m[0m[31m        <table class="table">[0m[0m
[0m[[0m[0minfo[0m] [0m[0m[31m          <thead>[0m[0m
[0m[[0m[0minfo[0m] [0m[0m[31m          <tr>[0m[0m
[0m[[0m[0minfo[0m] [0m[0m[31m            <th scope="col">URL</th>[0m[0m
[0m[[0m[0minfo[0m] [0m[0m[31m            <th scope="col">HTTP Method</th>[0m[0m
[0m[[0m[0minfo[0m] [0m[0m[31m            <th scope="col">Required Header</th>[0m[0m
[0m[[0m[0minfo[0m] [0m[0m[31m            <th scope="col">Body</th>[0m[0m
[0m[[0m[0minfo[0m] [0m[0m[31m          </tr>[0m[0m
[0m[[0m[0minfo[0m] [0m[0m[31m          </thead>[0m[0m
[0m[[0m[0minfo[0m] [0m[0m[31m          <tbody>[0m[0m
[0m[[0m[0minfo[0m] [0m[0m[31m          <tr>[0m[0m
[0m[[0m[0minfo[0m] [0m[0m[31m            <th scope="row">/api</th>[0m[0m
[0m[[0m[0minfo[0m] [0m[0m[31m            <td><code>GET</code></td>[0m[0m
[0m[[0m[0minfo[0m] [0m[0m[31m            <td>None</td>[0m[0m
[0m[[0m[0minfo[0m] [0m[0m[31m            <td>N/A</td>[0m[0m
[0m[[0m[0minfo[0m] [0m[0m[31m          </tr>[0m[0m
[0m[[0m[0minfo[0m] [0m[0m[31m          <tr>[0m[0m
[0m[[0m[0minfo[0m] [0m[0m[31m            <th scope="row">/api</th>[0m[0m
[0m[[0m[0minfo[0m] [0m[0m[31m            <td><code>POST</code></td>[0m[0m
[0m[[0m[0minfo[0m] [0m[0m[31m            <td>Content-Type: application/json</td>[0m[0m
[0m[[0m[0minfo[0m] [0m[0m[31m            <td><code>[0m[0m
[0m[[0m[0minfo[0m] [0m[0m[31m              "_id" : String[0m[0m
[0m[[0m[0minfo[0m] [0m[0m[31m              <br>[0m[0m
[0m[[0m[0minfo[0m] [0m[0m[31m              "name" : String[0m[0m
[0m[[0m[0minfo[0m] [0m[0m[31m              <br>[0m[0m
[0m[[0m[0minfo[0m] [0m[0m[31m              "description" : String[0m[0m
[0m[[0m[0minfo[0m] [0m[0m[31m              <br>[0m[0m
[0m[[0m[0minfo[0m] [0m[0m[31m              "numSales" : Int[0m[0m
[0m[[0m[0minfo[0m] [0m[0m[31m            </code></td>[0m[0m
[0m[[0m[0minfo[0m] [0m[0m[31m          </tr>[0m[0m
[0m[[0m[0minfo[0m] [0m[0m[31m          <tr>[0m[0m
[0m[[0m[0minfo[0m] [0m[0m[31m            <th scope="row">/api/:id</th>[0m[0m
[0m[[0m[0minfo[0m] [0m[0m[31m            <td><code>GET</code></td>[0m[0m
[0m[[0m[0minfo[0m] [0m[0m[31m            <td>None</td>[0m[0m
[0m[[0m[0minfo[0m] [0m[0m[31m            <td>N/A</td>[0m[0m
[0m[[0m[0minfo[0m] [0m[0m[31m          </tr>[0m[0m
[0m[[0m[0minfo[0m] [0m[0m[31m          <tr>[0m[0m
[0m[[0m[0minfo[0m] [0m[0m[31m            <th scope="row">/api/:id</th>[0m[0m
[0m[[0m[0minfo[0m] [0m[0m[31m            <td><code>PUT</code></td>[0m[0m
[0m[[0m[0minfo[0m] [0m[0m[31m            <td>Content-Type: application/json</td>[0m[0m
[0m[[0m[0minfo[0m] [0m[0m[31m            <td><code>[0m[0m
[0m[[0m[0minfo[0m] [0m[0m[31m              "_id" : String[0m[0m
[0m[[0m[0minfo[0m] [0m[0m[31m              <br>[0m[0m
[0m[[0m[0minfo[0m] [0m[0m[31m              "name" : String[0m[0m
[0m[[0m[0minfo[0m] [0m[0m[31m              <br>[0m[0m
[0m[[0m[0minfo[0m] [0m[0m[31m              "description" : String[0m[0m
[0m[[0m[0minfo[0m] [0m[0m[31m              <br>[0m[0m
[0m[[0m[0minfo[0m] [0m[0m[31m              "numSales" : Int[0m[0m
[0m[[0m[0minfo[0m] [0m[0m[31m            </code></td>[0m[0m
[0m[[0m[0minfo[0m] [0m[0m[31m          </tr>[0m[0m
[0m[[0m[0minfo[0m] [0m[0m[31m          <tr>[0m[0m
[0m[[0m[0minfo[0m] [0m[0m[31m            <th scope="row">/api/:id</th>[0m[0m
[0m[[0m[0minfo[0m] [0m[0m[31m            <td><code>DELETE</code></td>[0m[0m
[0m[[0m[0minfo[0m] [0m[0m[31m            <td>Content-Type: application/json</td>[0m[0m
[0m[[0m[0minfo[0m] [0m[0m[31m            <td>N/A</td>[0m[0m
[0m[[0m[0minfo[0m] [0m[0m[31m          </tr>[0m[0m
[0m[[0m[0minfo[0m] [0m[0m[31m          </tbody>[0m[0m
[0m[[0m[0minfo[0m] [0m[0m[31m        </table>[0m[0m
[0m[[0m[0minfo[0m] [0m[0m[31m      </div>[0m[0m
[0m[[0m[0minfo[0m] [0m[0m[31m    </div>[0m[0m
[0m[[0m[0minfo[0m] [0m[0m  [0m
[0m[[0m[0minfo[0m] [0m[0m[31m  </div>[0m[0m
[0m[[0m[0minfo[0m] [0m[0m  [0m
[0m[[0m[0minfo[0m] [0m[0m  [0m
[0m[[0m[0minfo[0m] [0m[0m[31m        <script src="/assets/javascripts/main.js" type="text/javascript"></script>[0m[0m
[0m[[0m[0minfo[0m] [0m[0m[31m      </body>[0m[0m
[0m[[0m[0minfo[0m] [0m[0m[31m  </html>[0m[0m
[0m[[0m[0minfo[0m] [0m[0m  [0m
[0m[[0m[0minfo[0m] [0m[0m[31m  " did not include substring "Welcome to Play" (HomeControllerSpec.scala:37)[0m[0m
[0m[[0m[0minfo[0m] [0m[0m[31m- should render the index page from the router *** FAILED ***[0m[0m
[0m[[0m[0minfo[0m] [0m[0m[31m  "[0m[0m
[0m[[0m[0minfo[0m] [0m[0m  [0m
[0m[[0m[0minfo[0m] [0m[0m[31m  <!DOCTYPE html>[0m[0m
[0m[[0m[0minfo[0m] [0m[0m[31m  <html lang="en">[0m[0m
[0m[[0m[0minfo[0m] [0m[0m[31m      <head>[0m[0m
[0m[[0m[0minfo[0m] [0m[0m          [0m
[0m[[0m[0minfo[0m] [0m[0m[31m          <title>Play Scala API demo</title>[0m[0m
[0m[[0m[0minfo[0m] [0m[0m[31m          <link rel="stylesheet" media="screen" href="/assets/stylesheets/main.css">[0m[0m
[0m[[0m[0minfo[0m] [0m[0m[31m          <link rel="shortcut icon" type="image/png" href="/assets/images/favicon.png">[0m[0m
[0m[[0m[0minfo[0m] [0m[0m  [0m
[0m[[0m[0minfo[0m] [0m[0m[31m      </head>[0m[0m
[0m[[0m[0minfo[0m] [0m[0m[31m      <body>[0m[0m
[0m[[0m[0minfo[0m] [0m[0m          [0m
[0m[[0m[0minfo[0m] [0m[0m          [0m
[0m[[0m[0minfo[0m] [0m[0m  [0m
[0m[[0m[0minfo[0m] [0m[0m[31m  <div class="container h-100 d-flex justify-content-center">[0m[0m
[0m[[0m[0minfo[0m] [0m[0m  [0m
[0m[[0m[0minfo[0m] [0m[0m[31m    <div class="jumbotron my-auto">[0m[0m
[0m[[0m[0minfo[0m] [0m[0m  [0m
[0m[[0m[0minfo[0m] [0m[0m[31m      <div class="container mb-5">[0m[0m
[0m[[0m[0minfo[0m] [0m[0m[31m        <h1 class="display-3 row">Play Scala API Demo</h1>[0m[0m
[0m[[0m[0minfo[0m] [0m[0m[31m      </div>[0m[0m
[0m[[0m[0minfo[0m] [0m[0m  [0m
[0m[[0m[0minfo[0m] [0m[0m[31m      <p class="lead">[0m[0m
[0m[[0m[0minfo[0m] [0m[0m[31m        A demo project based off the <a href="https://github.com/miranda-hawkes/induction-tutorials/blob/master/Building-A-RESTful-API-With-Scala-Play/README.md"> Building a RESTful API with Scala and Play </a> tutorial.[0m[0m
[0m[[0m[0minfo[0m] [0m[0m[31m      </p>[0m[0m
[0m[[0m[0minfo[0m] [0m[0m  [0m
[0m[[0m[0minfo[0m] [0m[0m[31m      <p class="lead mb-5">This project is deployed via Heroku.</p>[0m[0m
[0m[[0m[0minfo[0m] [0m[0m  [0m
[0m[[0m[0minfo[0m] [0m[0m[31m      <h3>API Documentation</h3>[0m[0m
[0m[[0m[0minfo[0m] [0m[0m[31m      <div class="justify-content-center">[0m[0m
[0m[[0m[0minfo[0m] [0m[0m[31m        <table class="table">[0m[0m
[0m[[0m[0minfo[0m] [0m[0m[31m          <thead>[0m[0m
[0m[[0m[0minfo[0m] [0m[0m[31m          <tr>[0m[0m
[0m[[0m[0minfo[0m] [0m[0m[31m            <th scope="col">URL</th>[0m[0m
[0m[[0m[0minfo[0m] [0m[0m[31m            <th scope="col">HTTP Method</th>[0m[0m
[0m[[0m[0minfo[0m] [0m[0m[31m            <th scope="col">Required Header</th>[0m[0m
[0m[[0m[0minfo[0m] [0m[0m[31m            <th scope="col">Body</th>[0m[0m
[0m[[0m[0minfo[0m] [0m[0m[31m          </tr>[0m[0m
[0m[[0m[0minfo[0m] [0m[0m[31m          </thead>[0m[0m
[0m[[0m[0minfo[0m] [0m[0m[31m          <tbody>[0m[0m
[0m[[0m[0minfo[0m] [0m[0m[31m          <tr>[0m[0m
[0m[[0m[0minfo[0m] [0m[0m[31m            <th scope="row">/api</th>[0m[0m
[0m[[0m[0minfo[0m] [0m[0m[31m            <td><code>GET</code></td>[0m[0m
[0m[[0m[0minfo[0m] [0m[0m[31m            <td>None</td>[0m[0m
[0m[[0m[0minfo[0m] [0m[0m[31m            <td>N/A</td>[0m[0m
[0m[[0m[0minfo[0m] [0m[0m[31m          </tr>[0m[0m
[0m[[0m[0minfo[0m] [0m[0m[31m          <tr>[0m[0m
[0m[[0m[0minfo[0m] [0m[0m[31m            <th scope="row">/api</th>[0m[0m
[0m[[0m[0minfo[0m] [0m[0m[31m            <td><code>POST</code></td>[0m[0m
[0m[[0m[0minfo[0m] [0m[0m[31m            <td>Content-Type: application/json</td>[0m[0m
[0m[[0m[0minfo[0m] [0m[0m[31m            <td><code>[0m[0m
[0m[[0m[0minfo[0m] [0m[0m[31m              "_id" : String[0m[0m
[0m[[0m[0minfo[0m] [0m[0m[31m              <br>[0m[0m
[0m[[0m[0minfo[0m] [0m[0m[31m              "name" : String[0m[0m
[0m[[0m[0minfo[0m] [0m[0m[31m              <br>[0m[0m
[0m[[0m[0minfo[0m] [0m[0m[31m              "description" : String[0m[0m
[0m[[0m[0minfo[0m] [0m[0m[31m              <br>[0m[0m
[0m[[0m[0minfo[0m] [0m[0m[31m              "numSales" : Int[0m[0m
[0m[[0m[0minfo[0m] [0m[0m[31m            </code></td>[0m[0m
[0m[[0m[0minfo[0m] [0m[0m[31m          </tr>[0m[0m
[0m[[0m[0minfo[0m] [0m[0m[31m          <tr>[0m[0m
[0m[[0m[0minfo[0m] [0m[0m[31m            <th scope="row">/api/:id</th>[0m[0m
[0m[[0m[0minfo[0m] [0m[0m[31m            <td><code>GET</code></td>[0m[0m
[0m[[0m[0minfo[0m] [0m[0m[31m            <td>None</td>[0m[0m
[0m[[0m[0minfo[0m] [0m[0m[31m            <td>N/A</td>[0m[0m
[0m[[0m[0minfo[0m] [0m[0m[31m          </tr>[0m[0m
[0m[[0m[0minfo[0m] [0m[0m[31m          <tr>[0m[0m
[0m[[0m[0minfo[0m] [0m[0m[31m            <th scope="row">/api/:id</th>[0m[0m
[0m[[0m[0minfo[0m] [0m[0m[31m            <td><code>PUT</code></td>[0m[0m
[0m[[0m[0minfo[0m] [0m[0m[31m            <td>Content-Type: application/json</td>[0m[0m
[0m[[0m[0minfo[0m] [0m[0m[31m            <td><code>[0m[0m
[0m[[0m[0minfo[0m] [0m[0m[31m              "_id" : String[0m[0m
[0m[[0m[0minfo[0m] [0m[0m[31m              <br>[0m[0m
[0m[[0m[0minfo[0m] [0m[0m[31m              "name" : String[0m[0m
[0m[[0m[0minfo[0m] [0m[0m[31m              <br>[0m[0m
[0m[[0m[0minfo[0m] [0m[0m[31m              "description" : String[0m[0m
[0m[[0m[0minfo[0m] [0m[0m[31m              <br>[0m[0m
[0m[[0m[0minfo[0m] [0m[0m[31m              "numSales" : Int[0m[0m
[0m[[0m[0minfo[0m] [0m[0m[31m            </code></td>[0m[0m
[0m[[0m[0minfo[0m] [0m[0m[31m          </tr>[0m[0m
[0m[[0m[0minfo[0m] [0m[0m[31m          <tr>[0m[0m
[0m[[0m[0minfo[0m] [0m[0m[31m            <th scope="row">/api/:id</th>[0m[0m
[0m[[0m[0minfo[0m] [0m[0m[31m            <td><code>DELETE</code></td>[0m[0m
[0m[[0m[0minfo[0m] [0m[0m[31m            <td>Content-Type: application/json</td>[0m[0m
[0m[[0m[0minfo[0m] [0m[0m[31m            <td>N/A</td>[0m[0m
[0m[[0m[0minfo[0m] [0m[0m[31m          </tr>[0m[0m
[0m[[0m[0minfo[0m] [0m[0m[31m          </tbody>[0m[0m
[0m[[0m[0minfo[0m] [0m[0m[31m        </table>[0m[0m
[0m[[0m[0minfo[0m] [0m[0m[31m      </div>[0m[0m
[0m[[0m[0minfo[0m] [0m[0m[31m    </div>[0m[0m
[0m[[0m[0minfo[0m] [0m[0m  [0m
[0m[[0m[0minfo[0m] [0m[0m[31m  </div>[0m[0m
[0m[[0m[0minfo[0m] [0m[0m  [0m
[0m[[0m[0minfo[0m] [0m[0m  [0m
[0m[[0m[0minfo[0m] [0m[0m[31m        <script src="/assets/javascripts/main.js" type="text/javascript"></script>[0m[0m
[0m[[0m[0minfo[0m] [0m[0m[31m      </body>[0m[0m
[0m[[0m[0minfo[0m] [0m[0m[31m  </html>[0m[0m
[0m[[0m[0minfo[0m] [0m[0m  [0m
[0m[[0m[0minfo[0m] [0m[0m[31m  " did not include substring "Welcome to Play" (HomeControllerSpec.scala:46)[0m[0m
[0m[[0m[0minfo[0m] [0m[0m[32mApplicationControllerSpec:[0m[0m
[0m[[0m[0minfo[0m] [0m[0m[31mcontrollers.ApplicationControllerSpec *** ABORTED ***[0m[0m
[0m[[0m[0minfo[0m] [0m[0m[31m  java.lang.NoClassDefFoundError: Could not initialize class com.typesafe.sslconfig.ssl.FakeKeyStore$KeystoreSettings$[0m[0m
[0m[[0m[0minfo[0m] [0m[0m[31m  at com.typesafe.sslconfig.ssl.FakeKeyStore$.generateKeyStore(FakeKeyStore.scala:71)[0m[0m
[0m[[0m[0minfo[0m] [0m[0m[31m  at play.core.server.SelfSigned$.x$1$lzycompute(SelfSigned.scala:24)[0m[0m
[0m[[0m[0minfo[0m] [0m[0m[31m  at play.core.server.SelfSigned$.x$1(SelfSigned.scala:23)[0m[0m
[0m[[0m[0minfo[0m] [0m[0m[31m  at play.core.server.SelfSigned$.sslContext$lzycompute(SelfSigned.scala:23)[0m[0m
[0m[[0m[0minfo[0m] [0m[0m[31m  at play.core.server.SelfSigned$.sslContext(SelfSigned.scala:23)[0m[0m
[0m[[0m[0minfo[0m] [0m[0m[31m  at play.core.server.SelfSignedSSLEngineProvider.sslContext(SelfSigned.scala:36)[0m[0m
[0m[[0m[0minfo[0m] [0m[0m[31m  at play.core.server.AkkaHttpServer.sslContext$lzycompute(AkkaHttpServer.scala:207)[0m[0m
[0m[[0m[0minfo[0m] [0m[0m[31m  at play.core.server.AkkaHttpServer.sslContext(AkkaHttpServer.scala:206)[0m[0m
[0m[[0m[0minfo[0m] [0m[0m[31m  at play.core.server.AkkaHttpServer.$anonfun$httpsServerBinding$1(AkkaHttpServer.scala:222)[0m[0m
[0m[[0m[0minfo[0m] [0m[0m[31m  at play.core.server.AkkaHttpServer.$anonfun$httpsServerBinding$1$adapted(AkkaHttpServer.scala:218)[0m[0m
[0m[[0m[0minfo[0m] [0m[0m[31m  ...[0m[0m
[0m[[0m[0minfo[0m] [0m[0m[31m  Cause: java.lang.ExceptionInInitializerError: Exception java.lang.NoSuchFieldError: sha256WithRSAEncryption_oid [in thread "pool-1-thread-1"][0m[0m
[0m[[0m[0minfo[0m] [0m[0m[31m  at com.typesafe.sslconfig.ssl.FakeKeyStore$KeystoreSettings$.<clinit>(FakeKeyStore.scala:55)[0m[0m
[0m[[0m[0minfo[0m] [0m[0m[31m  at com.typesafe.sslconfig.ssl.FakeKeyStore$.generateKeyStore(FakeKeyStore.scala:71)[0m[0m
[0m[[0m[0minfo[0m] [0m[0m[31m  at play.core.server.SelfSigned$.x$1$lzycompute(SelfSigned.scala:24)[0m[0m
[0m[[0m[0minfo[0m] [0m[0m[31m  at play.core.server.SelfSigned$.x$1(SelfSigned.scala:23)[0m[0m
[0m[[0m[0minfo[0m] [0m[0m[31m  at play.core.server.SelfSigned$.sslContext$lzycompute(SelfSigned.scala:23)[0m[0m
[0m[[0m[0minfo[0m] [0m[0m[31m  at play.core.server.SelfSigned$.sslContext(SelfSigned.scala:23)[0m[0m
[0m[[0m[0minfo[0m] [0m[0m[31m  at play.core.server.SelfSignedSSLEngineProvider.sslContext(SelfSigned.scala:36)[0m[0m
[0m[[0m[0minfo[0m] [0m[0m[31m  at play.core.server.AkkaHttpServer.sslContext$lzycompute(AkkaHttpServer.scala:207)[0m[0m
[0m[[0m[0minfo[0m] [0m[0m[31m  at play.core.server.AkkaHttpServer.sslContext(AkkaHttpServer.scala:206)[0m[0m
[0m[[0m[0minfo[0m] [0m[0m[31m  at play.core.server.AkkaHttpServer.$anonfun$httpsServerBinding$1(AkkaHttpServer.scala:222)[0m[0m
[0m[[0m[0minfo[0m] [0m[0m[31m  ...[0m[0m
[0m[[0m[31merror[0m] [0m[0mUncaught exception when running controllers.ApplicationControllerSpec: java.lang.NoClassDefFoundError: Could not initialize class com.typesafe.sslconfig.ssl.FakeKeyStore$KeystoreSettings$[0m
[0m[[0m[31merror[0m] [0m[0msbt.ForkMain$ForkError: java.lang.NoClassDefFoundError: Could not initialize class com.typesafe.sslconfig.ssl.FakeKeyStore$KeystoreSettings$[0m
[0m[[0m[31merror[0m] [0m[0m	at com.typesafe.sslconfig.ssl.FakeKeyStore$.generateKeyStore(FakeKeyStore.scala:71)[0m
[0m[[0m[31merror[0m] [0m[0m	at play.core.server.SelfSigned$.x$1$lzycompute(SelfSigned.scala:24)[0m
[0m[[0m[31merror[0m] [0m[0m	at play.core.server.SelfSigned$.x$1(SelfSigned.scala:23)[0m
[0m[[0m[31merror[0m] [0m[0m	at play.core.server.SelfSigned$.sslContext$lzycompute(SelfSigned.scala:23)[0m
[0m[[0m[31merror[0m] [0m[0m	at play.core.server.SelfSigned$.sslContext(SelfSigned.scala:23)[0m
[0m[[0m[31merror[0m] [0m[0m	at play.core.server.SelfSignedSSLEngineProvider.sslContext(SelfSigned.scala:36)[0m
[0m[[0m[31merror[0m] [0m[0m	at play.core.server.AkkaHttpServer.sslContext$lzycompute(AkkaHttpServer.scala:207)[0m
[0m[[0m[31merror[0m] [0m[0m	at play.core.server.AkkaHttpServer.sslContext(AkkaHttpServer.scala:206)[0m
[0m[[0m[31merror[0m] [0m[0m	at play.core.server.AkkaHttpServer.$anonfun$httpsServerBinding$1(AkkaHttpServer.scala:222)[0m
[0m[[0m[31merror[0m] [0m[0m	at play.core.server.AkkaHttpServer.$anonfun$httpsServerBinding$1$adapted(AkkaHttpServer.scala:218)[0m
[0m[[0m[31merror[0m] [0m[0m	at scala.Option.map(Option.scala:242)[0m
[0m[[0m[31merror[0m] [0m[0m	at play.core.server.AkkaHttpServer.<init>(AkkaHttpServer.scala:218)[0m
[0m[[0m[31merror[0m] [0m[0m	at play.core.server.AkkaHttpServerProvider.createServer(AkkaHttpServer.scala:652)[0m
[0m[[0m[31merror[0m] [0m[0m	at play.core.server.AkkaHttpServerProvider.createServer(AkkaHttpServer.scala:650)[0m
[0m[[0m[31merror[0m] [0m[0m	at play.core.server.ServerProvider.createServer(ServerProvider.scala:29)[0m
[0m[[0m[31merror[0m] [0m[0m	at play.core.server.ServerProvider.createServer$(ServerProvider.scala:26)[0m
[0m[[0m[31merror[0m] [0m[0m	at play.core.server.AkkaHttpServerProvider.createServer(AkkaHttpServer.scala:650)[0m
[0m[[0m[31merror[0m] [0m[0m	at play.api.test.TestServer.start(TestServer.scala:47)[0m
[0m[[0m[31merror[0m] [0m[0m	at play.api.test.DefaultTestServerFactory.start(TestServerFactory.scala:46)[0m
[0m[[0m[31merror[0m] [0m[0m	at org.scalatestplus.play.BaseOneServerPerSuite.runningServer(BaseOneServerPerSuite.scala:145)[0m
[0m[[0m[31merror[0m] [0m[0m	at org.scalatestplus.play.BaseOneServerPerSuite.runningServer$(BaseOneServerPerSuite.scala:144)[0m
[0m[[0m[31merror[0m] [0m[0m	at controllers.ApplicationControllerSpec.runningServer$lzycompute(ApplicationControllerSpec.scala:9)[0m
[0m[[0m[31merror[0m] [0m[0m	at controllers.ApplicationControllerSpec.runningServer(ApplicationControllerSpec.scala:9)[0m
[0m[[0m[31merror[0m] [0m[0m	at org.scalatestplus.play.BaseOneServerPerSuite.run(BaseOneServerPerSuite.scala:170)[0m
[0m[[0m[31merror[0m] [0m[0m	at org.scalatestplus.play.BaseOneServerPerSuite.run$(BaseOneServerPerSuite.scala:159)[0m
[0m[[0m[31merror[0m] [0m[0m	at controllers.ApplicationControllerSpec.org$scalatest$BeforeAndAfterAll$$super$run(ApplicationControllerSpec.scala:9)[0m
[0m[[0m[31merror[0m] [0m[0m	at org.scalatest.BeforeAndAfterAll.liftedTree1$1(BeforeAndAfterAll.scala:213)[0m
[0m[[0m[31merror[0m] [0m[0m	at org.scalatest.BeforeAndAfterAll.run(BeforeAndAfterAll.scala:210)[0m
[0m[[0m[31merror[0m] [0m[0m	at org.scalatest.BeforeAndAfterAll.run$(BeforeAndAfterAll.scala:208)[0m
[0m[[0m[31merror[0m] [0m[0m	at controllers.ApplicationControllerSpec.run(ApplicationControllerSpec.scala:9)[0m
[0m[[0m[31merror[0m] [0m[0m	at org.scalatest.tools.Framework.org$scalatest$tools$Framework$$runSuite(Framework.scala:321)[0m
[0m[[0m[31merror[0m] [0m[0m	at org.scalatest.tools.Framework$ScalaTestTask.execute(Framework.scala:517)[0m
[0m[[0m[31merror[0m] [0m[0m	at sbt.ForkMain$Run.lambda$runTest$1(ForkMain.java:413)[0m
[0m[[0m[31merror[0m] [0m[0m	at java.base/java.util.concurrent.FutureTask.run(FutureTask.java:264)[0m
[0m[[0m[31merror[0m] [0m[0m	at java.base/java.util.concurrent.ThreadPoolExecutor.runWorker(ThreadPoolExecutor.java:1128)[0m
[0m[[0m[31merror[0m] [0m[0m	at java.base/java.util.concurrent.ThreadPoolExecutor$Worker.run(ThreadPoolExecutor.java:628)[0m
[0m[[0m[31merror[0m] [0m[0m	at java.base/java.lang.Thread.run(Thread.java:834)[0m
[0m[[0m[31merror[0m] [0m[0mCaused by: sbt.ForkMain$ForkError: java.lang.ExceptionInInitializerError: Exception java.lang.NoSuchFieldError: sha256WithRSAEncryption_oid [in thread "pool-1-thread-1"][0m
[0m[[0m[31merror[0m] [0m[0m	at com.typesafe.sslconfig.ssl.FakeKeyStore$KeystoreSettings$.<clinit>(FakeKeyStore.scala:55)[0m
[0m[[0m[31merror[0m] [0m[0m	at com.typesafe.sslconfig.ssl.FakeKeyStore$.generateKeyStore(FakeKeyStore.scala:71)[0m
[0m[[0m[31merror[0m] [0m[0m	at play.core.server.SelfSigned$.x$1$lzycompute(SelfSigned.scala:24)[0m
[0m[[0m[31merror[0m] [0m[0m	at play.core.server.SelfSigned$.x$1(SelfSigned.scala:23)[0m
[0m[[0m[31merror[0m] [0m[0m	at play.core.server.SelfSigned$.sslContext$lzycompute(SelfSigned.scala:23)[0m
[0m[[0m[31merror[0m] [0m[0m	at play.core.server.SelfSigned$.sslContext(SelfSigned.scala:23)[0m
[0m[[0m[31merror[0m] [0m[0m	at play.core.server.SelfSignedSSLEngineProvider.sslContext(SelfSigned.scala:36)[0m
[0m[[0m[31merror[0m] [0m[0m	at play.core.server.AkkaHttpServer.sslContext$lzycompute(AkkaHttpServer.scala:207)[0m
[0m[[0m[31merror[0m] [0m[0m	at play.core.server.AkkaHttpServer.sslContext(AkkaHttpServer.scala:206)[0m
[0m[[0m[31merror[0m] [0m[0m	at play.core.server.AkkaHttpServer.$anonfun$httpsServerBinding$1(AkkaHttpServer.scala:222)[0m
[0m[[0m[31merror[0m] [0m[0m	at play.core.server.AkkaHttpServer.$anonfun$httpsServerBinding$1$adapted(AkkaHttpServer.scala:218)[0m
[0m[[0m[31merror[0m] [0m[0m	at scala.Option.map(Option.scala:242)[0m
[0m[[0m[31merror[0m] [0m[0m	at play.core.server.AkkaHttpServer.<init>(AkkaHttpServer.scala:218)[0m
[0m[[0m[31merror[0m] [0m[0m	at play.core.server.AkkaHttpServerProvider.createServer(AkkaHttpServer.scala:652)[0m
[0m[[0m[31merror[0m] [0m[0m	at play.core.server.AkkaHttpServerProvider.createServer(AkkaHttpServer.scala:650)[0m
[0m[[0m[31merror[0m] [0m[0m	at play.core.server.ServerProvider.createServer(ServerProvider.scala:29)[0m
[0m[[0m[31merror[0m] [0m[0m	at play.core.server.ServerProvider.createServer$(ServerProvider.scala:26)[0m
[0m[[0m[31merror[0m] [0m[0m	at play.core.server.AkkaHttpServerProvider.createServer(AkkaHttpServer.scala:650)[0m
[0m[[0m[31merror[0m] [0m[0m	at play.api.test.TestServer.start(TestServer.scala:47)[0m
[0m[[0m[31merror[0m] [0m[0m	at play.api.test.DefaultTestServerFactory.start(TestServerFactory.scala:46)[0m
[0m[[0m[31merror[0m] [0m[0m	at org.scalatestplus.play.BaseOneServerPerSuite.runningServer(BaseOneServerPerSuite.scala:145)[0m
[0m[[0m[31merror[0m] [0m[0m	at org.scalatestplus.play.BaseOneServerPerSuite.runningServer$(BaseOneServerPerSuite.scala:144)[0m
[0m[[0m[31merror[0m] [0m[0m	at controllers.ApplicationControllerSpec.runningServer$lzycompute(ApplicationControllerSpec.scala:9)[0m
[0m[[0m[31merror[0m] [0m[0m	at controllers.ApplicationControllerSpec.runningServer(ApplicationControllerSpec.scala:9)[0m
[0m[[0m[31merror[0m] [0m[0m	at org.scalatestplus.play.ServerProvider.portNumber(ServerProvider.scala:57)[0m
[0m[[0m[31merror[0m] [0m[0m	at org.scalatestplus.play.ServerProvider.portNumber$(ServerProvider.scala:56)[0m
[0m[[0m[31merror[0m] [0m[0m	at controllers.ApplicationControllerSpec.portNumber(ApplicationControllerSpec.scala:9)[0m
[0m[[0m[31merror[0m] [0m[0m	at org.scalatestplus.play.ServerProvider.port(ServerProvider.scala:48)[0m
[0m[[0m[31merror[0m] [0m[0m	at org.scalatestplus.play.ServerProvider.port$(ServerProvider.scala:48)[0m
[0m[[0m[31merror[0m] [0m[0m	at controllers.ApplicationControllerSpec.port(ApplicationControllerSpec.scala:9)[0m
[0m[[0m[31merror[0m] [0m[0m	at org.scalatestplus.play.BaseOneServerPerSuite.run(BaseOneServerPerSuite.scala:161)[0m
[0m[[0m[31merror[0m] [0m[0m	at org.scalatestplus.play.BaseOneServerPerSuite.run$(BaseOneServerPerSuite.scala:159)[0m
[0m[[0m[31merror[0m] [0m[0m	at controllers.ApplicationControllerSpec.org$scalatest$BeforeAndAfterAll$$super$run(ApplicationControllerSpec.scala:9)[0m
[0m[[0m[31merror[0m] [0m[0m	at org.scalatest.BeforeAndAfterAll.liftedTree1$1(BeforeAndAfterAll.scala:213)[0m
[0m[[0m[31merror[0m] [0m[0m	at org.scalatest.BeforeAndAfterAll.run(BeforeAndAfterAll.scala:210)[0m
[0m[[0m[31merror[0m] [0m[0m	at org.scalatest.BeforeAndAfterAll.run$(BeforeAndAfterAll.scala:208)[0m
[0m[[0m[31merror[0m] [0m[0m	at controllers.ApplicationControllerSpec.run(ApplicationControllerSpec.scala:9)[0m
[0m[[0m[31merror[0m] [0m[0m	at org.scalatest.tools.Framework.org$scalatest$tools$Framework$$runSuite(Framework.scala:321)[0m
[0m[[0m[31merror[0m] [0m[0m	at org.scalatest.tools.Framework$ScalaTestTask.execute(Framework.scala:517)[0m
[0m[[0m[31merror[0m] [0m[0m	at sbt.ForkMain$Run.lambda$runTest$1(ForkMain.java:413)[0m
[0m[[0m[31merror[0m] [0m[0m	at java.base/java.util.concurrent.FutureTask.run(FutureTask.java:264)[0m
[0m[[0m[31merror[0m] [0m[0m	at java.base/java.util.concurrent.ThreadPoolExecutor.runWorker(ThreadPoolExecutor.java:1128)[0m
[0m[[0m[31merror[0m] [0m[0m	at java.base/java.util.concurrent.ThreadPoolExecutor$Worker.run(ThreadPoolExecutor.java:628)[0m
[0m[[0m[31merror[0m] [0m[0m	at java.base/java.lang.Thread.run(Thread.java:834)[0m
[0m[[0m[0minfo[0m] [0m[0m[36mRun completed in 2 seconds, 100 milliseconds.[0m[0m
[0m[[0m[0minfo[0m] [0m[0m[36mTotal number of tests run: 3[0m[0m
[0m[[0m[0minfo[0m] [0m[0m[36mSuites: completed 1, aborted 1[0m[0m
[0m[[0m[0minfo[0m] [0m[0m[36mTests: succeeded 0, failed 3, canceled 0, ignored 0, pending 0[0m[0m
[0m[[0m[0minfo[0m] [0m[0m[31m*** 1 SUITE ABORTED ***[0m[0m
[0m[[0m[0minfo[0m] [0m[0m[31m*** 3 TESTS FAILED ***[0m[0m
[0m[[0m[31merror[0m] [0m[0mFailed tests:[0m
[0m[[0m[31merror[0m] [0m[0m	controllers.HomeControllerSpec[0m
[0m[[0m[31merror[0m] [0m[0mError during tests:[0m
[0m[[0m[31merror[0m] [0m[0m	controllers.ApplicationControllerSpec[0m
[0m[[0m[31merror[0m] [0m[0m(Test / [31mtest[0m) sbt.TestsFailedException: Tests unsuccessful[0m
[0m[[0m[31merror[0m] [0m[0mTotal time: 4 s, completed 9 Jan 2024, 11:03:53[0m
[0m[[0m[0mdebug[0m] [0m[0m> Exec(idea-shell, None, None)[0m
