[0m[[0m[0mdebug[0m] [0m[0m> Exec(test, None, None)[0m
[0m[[0m[0mdebug[0m] [0m[0mEvaluating tasks: Test / test[0m
[0m[[0m[0mdebug[0m] [0m[0mRunning task... Cancel: Signal, check cycles: false, forcegc: true[0m
[0m[[0m[0mdebug[0m] [0m[0mExporting web-assets:play-template[0m
[0m[[0m[31merror[0m] [0m[0mjava.lang.NoClassDefFoundError: Could not initialize class play.twirl.compiler.TwirlCompiler$TemplateAsFunctionCompiler$PresentationCompiler$[0m
[0m[[0m[31merror[0m] [0m[0m	at play.twirl.compiler.TwirlCompiler$TemplateAsFunctionCompiler$.getFunctionMapping(TwirlCompiler.scala:537)[0m
[0m[[0m[31merror[0m] [0m[0m	at play.twirl.compiler.TwirlCompiler$.generateCode(TwirlCompiler.scala:429)[0m
[0m[[0m[31merror[0m] [0m[0m	at play.twirl.compiler.TwirlCompiler$.generateFinalTemplate(TwirlCompiler.scala:487)[0m
[0m[[0m[31merror[0m] [0m[0m	at play.twirl.compiler.TwirlCompiler$.parseAndGenerateCode(TwirlCompiler.scala:259)[0m
[0m[[0m[31merror[0m] [0m[0m	at play.twirl.compiler.TwirlCompiler$.compile(TwirlCompiler.scala:200)[0m
[0m[[0m[31merror[0m] [0m[0m	at play.twirl.sbt.TemplateCompiler$.$anonfun$compile$2(TemplateCompiler.scala:60)[0m
[0m[[0m[31merror[0m] [0m[0m	at scala.collection.TraversableLike$WithFilter.$anonfun$foreach$1(TraversableLike.scala:985)[0m
[0m[[0m[31merror[0m] [0m[0m	at scala.collection.immutable.List.foreach(List.scala:431)[0m
[0m[[0m[31merror[0m] [0m[0m	at scala.collection.TraversableLike$WithFilter.foreach(TraversableLike.scala:984)[0m
[0m[[0m[31merror[0m] [0m[0m	at play.twirl.sbt.TemplateCompiler$.compile(TemplateCompiler.scala:50)[0m
[0m[[0m[31merror[0m] [0m[0m	at play.twirl.sbt.SbtTwirl$.$anonfun$compileTemplatesTask$1(SbtTwirl.scala:111)[0m
[0m[[0m[31merror[0m] [0m[0m	at scala.Function1.$anonfun$compose$1(Function1.scala:49)[0m
[0m[[0m[31merror[0m] [0m[0m	at sbt.internal.util.$tilde$greater.$anonfun$$u2219$1(TypeFunctions.scala:62)[0m
[0m[[0m[31merror[0m] [0m[0m	at sbt.std.Transform$$anon$4.work(Transform.scala:68)[0m
[0m[[0m[31merror[0m] [0m[0m	at sbt.Execute.$anonfun$submit$2(Execute.scala:282)[0m
[0m[[0m[31merror[0m] [0m[0m	at sbt.internal.util.ErrorHandling$.wideConvert(ErrorHandling.scala:23)[0m
[0m[[0m[31merror[0m] [0m[0m	at sbt.Execute.work(Execute.scala:291)[0m
[0m[[0m[31merror[0m] [0m[0m	at sbt.Execute.$anonfun$submit$1(Execute.scala:282)[0m
[0m[[0m[31merror[0m] [0m[0m	at sbt.ConcurrentRestrictions$$anon$4.$anonfun$submitValid$1(ConcurrentRestrictions.scala:265)[0m
[0m[[0m[31merror[0m] [0m[0m	at sbt.CompletionService$$anon$2.call(CompletionService.scala:64)[0m
[0m[[0m[31merror[0m] [0m[0m	at java.base/java.util.concurrent.FutureTask.run(FutureTask.java:264)[0m
[0m[[0m[31merror[0m] [0m[0m	at java.base/java.util.concurrent.Executors$RunnableAdapter.call(Executors.java:515)[0m
[0m[[0m[31merror[0m] [0m[0m	at java.base/java.util.concurrent.FutureTask.run(FutureTask.java:264)[0m
[0m[[0m[31merror[0m] [0m[0m	at java.base/java.util.concurrent.ThreadPoolExecutor.runWorker(ThreadPoolExecutor.java:1128)[0m
[0m[[0m[31merror[0m] [0m[0m	at java.base/java.util.concurrent.ThreadPoolExecutor$Worker.run(ThreadPoolExecutor.java:628)[0m
[0m[[0m[31merror[0m] [0m[0m	at java.base/java.lang.Thread.run(Thread.java:834)[0m
[0m[[0m[31merror[0m] [0m[0mCaused by: java.lang.ExceptionInInitializerError: Exception java.lang.NoSuchMethodError: scala.tools.nsc.Settings.bootclasspath()Lscala/tools/nsc/settings/AbsSettings$AbsSetting; [in thread "pool-8-thread-10"][0m
[0m[[0m[31merror[0m] [0m[0m	at play.twirl.compiler.TwirlCompiler$TemplateAsFunctionCompiler$CompilerInstance.compiler$lzycompute(TwirlCompiler.scala:653)[0m
[0m[[0m[31merror[0m] [0m[0m	at play.twirl.compiler.TwirlCompiler$TemplateAsFunctionCompiler$CompilerInstance.compiler(TwirlCompiler.scala:628)[0m
[0m[[0m[31merror[0m] [0m[0m	at play.twirl.compiler.TwirlCompiler$TemplateAsFunctionCompiler$PresentationCompiler$.<init>(TwirlCompiler.scala:700)[0m
[0m[[0m[31merror[0m] [0m[0m	at play.twirl.compiler.TwirlCompiler$TemplateAsFunctionCompiler$PresentationCompiler$.<clinit>(TwirlCompiler.scala)[0m
[0m[[0m[31merror[0m] [0m[0m	at play.twirl.compiler.TwirlCompiler$TemplateAsFunctionCompiler$.getFunctionMapping(TwirlCompiler.scala:537)[0m
[0m[[0m[31merror[0m] [0m[0m	at play.twirl.compiler.TwirlCompiler$.generateCode(TwirlCompiler.scala:429)[0m
[0m[[0m[31merror[0m] [0m[0m	at play.twirl.compiler.TwirlCompiler$.generateFinalTemplate(TwirlCompiler.scala:487)[0m
[0m[[0m[31merror[0m] [0m[0m	at play.twirl.compiler.TwirlCompiler$.parseAndGenerateCode(TwirlCompiler.scala:259)[0m
[0m[[0m[31merror[0m] [0m[0m	at play.twirl.compiler.TwirlCompiler$.compile(TwirlCompiler.scala:200)[0m
[0m[[0m[31merror[0m] [0m[0m	at play.twirl.sbt.TemplateCompiler$.$anonfun$compile$2(TemplateCompiler.scala:60)[0m
[0m[[0m[31merror[0m] [0m[0m	at scala.collection.TraversableLike$WithFilter.$anonfun$foreach$1(TraversableLike.scala:985)[0m
[0m[[0m[31merror[0m] [0m[0m	at scala.collection.immutable.List.foreach(List.scala:431)[0m
[0m[[0m[31merror[0m] [0m[0m	at scala.collection.TraversableLike$WithFilter.foreach(TraversableLike.scala:984)[0m
[0m[[0m[31merror[0m] [0m[0m	at play.twirl.sbt.TemplateCompiler$.compile(TemplateCompiler.scala:50)[0m
[0m[[0m[31merror[0m] [0m[0m	at play.twirl.sbt.SbtTwirl$.$anonfun$compileTemplatesTask$1(SbtTwirl.scala:111)[0m
[0m[[0m[31merror[0m] [0m[0m	at scala.Function1.$anonfun$compose$1(Function1.scala:49)[0m
[0m[[0m[31merror[0m] [0m[0m	at sbt.internal.util.$tilde$greater.$anonfun$$u2219$1(TypeFunctions.scala:62)[0m
[0m[[0m[31merror[0m] [0m[0m	at sbt.std.Transform$$anon$4.work(Transform.scala:68)[0m
[0m[[0m[31merror[0m] [0m[0m	at sbt.Execute.$anonfun$submit$2(Execute.scala:282)[0m
[0m[[0m[31merror[0m] [0m[0m	at sbt.internal.util.ErrorHandling$.wideConvert(ErrorHandling.scala:23)[0m
[0m[[0m[31merror[0m] [0m[0m	at sbt.Execute.work(Execute.scala:291)[0m
[0m[[0m[31merror[0m] [0m[0m	at sbt.Execute.$anonfun$submit$1(Execute.scala:282)[0m
[0m[[0m[31merror[0m] [0m[0m	at sbt.ConcurrentRestrictions$$anon$4.$anonfun$submitValid$1(ConcurrentRestrictions.scala:265)[0m
[0m[[0m[31merror[0m] [0m[0m	at sbt.CompletionService$$anon$2.call(CompletionService.scala:64)[0m
[0m[[0m[31merror[0m] [0m[0m	at java.base/java.util.concurrent.FutureTask.run(FutureTask.java:264)[0m
[0m[[0m[31merror[0m] [0m[0m	at java.base/java.util.concurrent.Executors$RunnableAdapter.call(Executors.java:515)[0m
[0m[[0m[31merror[0m] [0m[0m	at java.base/java.util.concurrent.FutureTask.run(FutureTask.java:264)[0m
[0m[[0m[31merror[0m] [0m[0m	at java.base/java.util.concurrent.ThreadPoolExecutor.runWorker(ThreadPoolExecutor.java:1128)[0m
[0m[[0m[31merror[0m] [0m[0m	at java.base/java.util.concurrent.ThreadPoolExecutor$Worker.run(ThreadPoolExecutor.java:628)[0m
[0m[[0m[31merror[0m] [0m[0m	at java.base/java.lang.Thread.run(Thread.java:834)[0m
[0m[[0m[31merror[0m] [0m[0m(Compile / [31mtwirlCompileTemplates[0m) java.lang.NoClassDefFoundError: Could not initialize class play.twirl.compiler.TwirlCompiler$TemplateAsFunctionCompiler$PresentationCompiler$[0m
[0m[[0m[31merror[0m] [0m[0mTotal time: 0 s, completed 5 Jan 2024, 16:36:50[0m
[0m[[0m[0mdebug[0m] [0m[0m> Exec(idea-shell, None, None)[0m
