[0m[[0m[0mdebug[0m] [0m[0m> Exec(testOnly *ApplicationControllerSpec, None, None)[0m
[0m[[0m[0mdebug[0m] [0m[0mEvaluating tasks: Test / testOnly[0m
[0m[[0m[0mdebug[0m] [0m[0mRunning task... Cancel: Signal, check cycles: false, forcegc: true[0m
[0m[[0m[0minfo[0m] [0m[0mcompiling 3 Scala sources to /Users/william.stanistreet/Documents/Scala/play/play-template/target/scala-2.13/classes ...[0m
[0m[[0m[0mdebug[0m] [0m[0mExporting web-assets:play-template[0m
[0m[[0m[33mwarn[0m] [0m[0m/Users/william.stanistreet/Documents/Scala/play/play-template/app/repositories/DataRepository.scala:45:31: Auto-application to `()` is deprecated. Supply the empty argument list `()` explicitly to invoke method headOption,[0m
[0m[[0m[33mwarn[0m] [0m[0mor remove the empty argument list from its definition (Java-defined methods are exempt).[0m
[0m[[0m[33mwarn[0m] [0m[0mIn Scala 3, an unapplied method like this will be eta-expanded into a function.[0m
[0m[[0m[33mwarn[0m] [0m[0m    collection.find(byID(id)).headOption flatMap {[0m
[0m[[0m[33mwarn[0m] [0m[0m                              ^[0m
[0m[[0m[33mwarn[0m] [0m[0m/Users/william.stanistreet/Documents/Scala/play/play-template/app/repositories/DataRepository.scala:45:50: match may not be exhaustive.[0m
[0m[[0m[33mwarn[0m] [0m[0mIt would fail on the following input: None[0m
[0m[[0m[33mwarn[0m] [0m[0m    collection.find(byID(id)).headOption flatMap {[0m
[0m[[0m[33mwarn[0m] [0m[0m                                                 ^[0m
[0m[[0m[33mwarn[0m] [0m[0mtwo warnings found[0m
[0m[[0m[0minfo[0m] [0m[0mdone compiling[0m
[0m[[0m[0minfo[0m] [0m[0mcompiling 1 Scala source to /Users/william.stanistreet/Documents/Scala/play/play-template/target/scala-2.13/classes ...[0m
[0m[[0m[0minfo[0m] [0m[0mdone compiling[0m
[0m[[0m[0mdebug[0m] [0m[0mExporting web-assets-test:play-template[0m
[0m[[0m[0minfo[0m] [0m[0mcompiling 3 Scala sources to /Users/william.stanistreet/Documents/Scala/play/play-template/target/scala-2.13/test-classes ...[0m
[0m[[0m[0minfo[0m] [0m[0mdone compiling[0m
[0m[[0m[0minfo[0m] [0m[0m[32mApplicationControllerSpec:[0m[0m
[0m[[0m[0minfo[0m] [0m[0m[32mApplicationController .index[0m[0m
[0m[[0m[0minfo[0m] [0m[0m[32m- should return TODO[0m[0m
[0m[[0m[0minfo[0m] [0m[0m[32mApplicationController .create()[0m[0m
[0m[[0m[0minfo[0m] [0m[0m[32mApplicationController .read()[0m[0m
[0m[[0m[0minfo[0m] [0m[0m[32mApplicationController .update()[0m[0m
[0m[[0m[0minfo[0m] [0m[0m[32mApplicationController .delete()[0m[0m
[0m[[0m[0minfo[0m] [0m[0m[36mRun completed in 2 seconds, 468 milliseconds.[0m[0m
[0m[[0m[0minfo[0m] [0m[0m[36mTotal number of tests run: 1[0m[0m
[0m[[0m[0minfo[0m] [0m[0m[36mSuites: completed 1, aborted 0[0m[0m
[0m[[0m[0minfo[0m] [0m[0m[36mTests: succeeded 1, failed 0, canceled 0, ignored 0, pending 0[0m[0m
[0m[[0m[0minfo[0m] [0m[0m[32mAll tests passed.[0m[0m
[0m[[0m[32msuccess[0m] [0m[0mTotal time: 6 s, completed 23 Jan 2024, 12:37:24[0m
[0m[[0m[0mdebug[0m] [0m[0m> Exec(idea-shell, None, None)[0m
