[0m[[0m[0mdebug[0m] [0m[0m> Exec(test:testOnly *ApplicationControllerSpec, None, None)[0m
[0m[[0m[0mdebug[0m] [0m[0mEvaluating tasks: Test / testOnly[0m
[0m[[0m[33mwarn[0m] [0m[0msbt 0.13 shell syntax is deprecated; use slash syntax instead: Test / testOnly[0m
[0m[[0m[0mdebug[0m] [0m[0mRunning task... Cancel: Signal, check cycles: false, forcegc: true[0m
[0m[[0m[0mdebug[0m] [0m[0mExporting web-assets:play-template[0m
[0m[[0m[0mdebug[0m] [0m[0mExporting web-assets-test:play-template[0m
[0m[[0m[0minfo[0m] [0m[0mcompiling 1 Scala source to /Users/william.stanistreet/Documents/Scala/play/play-template/target/scala-2.13/test-classes ...[0m
[0m[[0m[0minfo[0m] [0m[0mdone compiling[0m
[0m[[0m[0minfo[0m] [0m[0m[32mApplicationControllerSpec:[0m[0m
[0m[[0m[0minfo[0m] [0m[0m[32mApplicationController .index()[0m[0m
[0m[[0m[0minfo[0m] [0m[0m[32m- should return TODO[0m[0m
[0m[[0m[0minfo[0m] [0m[0m[32mApplicationController .create()[0m[0m
[0m[[0m[0minfo[0m] [0m[0m[32mApplicationController .read()[0m[0m
[0m[[0m[0minfo[0m] [0m[0m[32mApplicationController .update()[0m[0m
[0m[[0m[0minfo[0m] [0m[0m[32mApplicationController .delete()[0m[0m
[0m[[0m[0minfo[0m] [0m[0m[36mRun completed in 590 milliseconds.[0m[0m
[0m[[0m[0minfo[0m] [0m[0m[36mTotal number of tests run: 1[0m[0m
[0m[[0m[0minfo[0m] [0m[0m[36mSuites: completed 1, aborted 0[0m[0m
[0m[[0m[0minfo[0m] [0m[0m[36mTests: succeeded 1, failed 0, canceled 0, ignored 0, pending 0[0m[0m
[0m[[0m[0minfo[0m] [0m[0m[32mAll tests passed.[0m[0m
[0m[[0m[32msuccess[0m] [0m[0mTotal time: 1 s, completed 22 Jan 2024, 14:12:22[0m
[0m[[0m[0mdebug[0m] [0m[0m> Exec(idea-shell, None, None)[0m
