[0m[[0m[0mdebug[0m] [0m[0m> Exec(run, None, None)[0m
[0m[[0m[0mdebug[0m] [0m[0mEvaluating tasks: Compile / run[0m
[0m[[0m[0mdebug[0m] [0m[0mRunning task... Cancel: Signal, check cycles: false, forcegc: true[0m
[0m[[0m[0mdebug[0m] [0m[0mRunning task... Cancel: Signal, check cycles: false, forcegc: true[0m
[0m[[0m[0minfo[0m] [0m[0mcompiling 1 Scala source to /Users/william.stanistreet/Documents/Scala/play/play-template/target/scala-2.13/classes ...[0m
[0m[[0m[31merror[0m] [0m[0m/Users/william.stanistreet/Documents/Scala/play/play-template/app/views/main.scala.html:1545:11: illegal start of simple expression[0m
[0m[[0m[31merror[0m] [0m[0m        "@type": "BreadcrumbList",[0m
[0m[[0m[31merror[0m] [0m[0m          ^[0m
[0m[[0m[31merror[0m] [0m[0m/Users/william.stanistreet/Documents/Scala/play/play-template/app/views/main.scala.html:1593:15: ')' expected but '}' found.[0m
[0m[[0m[31merror[0m] [0m[0m</body></html>[0m
[0m[[0m[31merror[0m] [0m[0m              ^[0m
[0m[[0m[33mwarn[0m] [0m[0m/Users/william.stanistreet/Documents/Scala/play/play-template/app/views/main.scala.html:1586:74: Unicode escapes in triple quoted strings are deprecated, use the literal character instead[0m
[0m[[0m[33mwarn[0m] [0m[0m            "target": "https://www.gov.uk/search/all?keywords={query}\u0026order=relevance\u0026organisations%5B%5D=government-digital-service",[0m
[0m[[0m[33mwarn[0m] [0m[0m                                                                         ^[0m
[0m[[0m[33mwarn[0m] [0m[0mone warning found[0m
[0m[[0m[31merror[0m] [0m[0mtwo errors found[0m
[0m[[0m[31merror[0m] [0m[0m(Compile / [31mcompileIncremental[0m) Compilation failed[0m
[0m[[0m[0mdebug[0m] [0m[0mRunning task... Cancel: Signal, check cycles: false, forcegc: true[0m
[0m[[0m[0mdebug[0m] [0m[0mRunning task... Cancel: Signal, check cycles: false, forcegc: true[0m
[0m[[0m[33mwarn[0m] [0m[0mCanceling execution...[0m
[0m[[0m[31merror[0m] [0m[0mCancelled: run[0m
[0m[[0m[31merror[0m] [0m[0mCancelled: run[0m
[0m[[0m[31merror[0m] [0m[0mUse 'last' for the full log.[0m
[0m[[0m[0mdebug[0m] [0m[0m> Exec(idea-shell, None, None)[0m
