[0m[[0m[0mdebug[0m] [0m[0m> Exec(test, None, None)[0m
[0m[[0m[0mdebug[0m] [0m[0mEvaluating tasks: Test / test[0m
[0m[[0m[0mdebug[0m] [0m[0mRunning task... Cancel: Signal, check cycles: false, forcegc: true[0m
[0m[[0m[0mdebug[0m] [0m[0mExporting web-assets:play-template[0m
[0m[[0m[0mdebug[0m] [0m[0mExporting web-assets-test:play-template[0m
[0m[[0m[0minfo[0m] [0m[0m[32mHomeControllerSpec:[0m[0m
[0m[[0m[0minfo[0m] [0m[0m[31mcontrollers.HomeControllerSpec *** ABORTED ***[0m[0m
[0m[[0m[0minfo[0m] [0m[0m[31m  com.google.inject.ProvisionException: Unable to provision, see the following errors:[0m[0m
[0m[[0m[0minfo[0m] [0m[0m[31m[0m[0m
[0m[[0m[0minfo[0m] [0m[0m[31m1) Error injecting constructor, com.fasterxml.jackson.databind.JsonMappingException: Scala module 2.11.4 requires Jackson Databind version >= 2.11.0 and < 2.12.0[0m[0m
[0m[[0m[0minfo[0m] [0m[0m[31m  at play.api.http.EnabledFilters.<init>(HttpFilters.scala:78)[0m[0m
[0m[[0m[0minfo[0m] [0m[0m[31m  at play.utils.Reflect$.bindingsFromConfiguration(Reflect.scala:70):[0m[0m
[0m[[0m[0minfo[0m] [0m[0m[31mBinding(class play.api.http.EnabledFilters to self) (via modules: com.google.inject.util.Modules$OverrideModule -> play.api.inject.guice.GuiceableModuleConversions$$anon$4)[0m[0m
[0m[[0m[0minfo[0m] [0m[0m[31m  while locating play.api.http.EnabledFilters[0m[0m
[0m[[0m[0minfo[0m] [0m[0m[31m  while locating play.api.http.HttpFilters[0m[0m
[0m[[0m[0minfo[0m] [0m[0m[31m    for the 6th parameter of play.api.http.JavaCompatibleHttpRequestHandler.<init>(HttpRequestHandler.scala:322)[0m[0m
[0m[[0m[0minfo[0m] [0m[0m[31m  while locating play.api.http.JavaCompatibleHttpRequestHandler[0m[0m
[0m[[0m[0minfo[0m] [0m[0m[31m  while locating play.api.http.HttpRequestHandler[0m[0m
[0m[[0m[0minfo[0m] [0m[0m[31m    for the 6th parameter of play.api.DefaultApplication.<init>(Application.scala:178)[0m[0m
[0m[[0m[0minfo[0m] [0m[0m[31m  at play.api.DefaultApplication.class(Application.scala:177)[0m[0m
[0m[[0m[0minfo[0m] [0m[0m[31m  while locating play.api.DefaultApplication[0m[0m
[0m[[0m[0minfo[0m] [0m[0m[31m  while locating play.api.Application[0m[0m
[0m[[0m[0minfo[0m] [0m[0m[31m[0m[0m
[0m[[0m[0minfo[0m] [0m[0m[31m1 error[0m[0m
[0m[[0m[0minfo[0m] [0m[0m[31m  at com.google.inject.internal.InternalProvisionException.toProvisionException(InternalProvisionException.java:226)[0m[0m
[0m[[0m[0minfo[0m] [0m[0m[31m  at com.google.inject.internal.InjectorImpl$1.get(InjectorImpl.java:1097)[0m[0m
[0m[[0m[0minfo[0m] [0m[0m[31m  at com.google.inject.internal.InjectorImpl.getInstance(InjectorImpl.java:1131)[0m[0m
[0m[[0m[0minfo[0m] [0m[0m[31m  at play.api.inject.guice.GuiceInjector.instanceOf(GuiceInjectorBuilder.scala:436)[0m[0m
[0m[[0m[0minfo[0m] [0m[0m[31m  at play.api.inject.guice.GuiceInjector.instanceOf(GuiceInjectorBuilder.scala:431)[0m[0m
[0m[[0m[0minfo[0m] [0m[0m[31m  at play.api.inject.ContextClassLoaderInjector.$anonfun$instanceOf$2(Injector.scala:119)[0m[0m
[0m[[0m[0minfo[0m] [0m[0m[31m  at play.api.inject.ContextClassLoaderInjector.withContext(Injector.scala:128)[0m[0m
[0m[[0m[0minfo[0m] [0m[0m[31m  at play.api.inject.ContextClassLoaderInjector.instanceOf(Injector.scala:119)[0m[0m
[0m[[0m[0minfo[0m] [0m[0m[31m  at play.api.inject.guice.GuiceApplicationBuilder.build(GuiceApplicationBuilder.scala:155)[0m[0m
[0m[[0m[0minfo[0m] [0m[0m[31m  at org.scalatestplus.play.guice.GuiceFakeApplicationFactory.fakeApplication(GuiceFakeApplicationFactory.scala:16)[0m[0m
[0m[[0m[0minfo[0m] [0m[0m[31m  ...[0m[0m
[0m[[0m[0minfo[0m] [0m[0m[31m  Cause: com.fasterxml.jackson.databind.JsonMappingException: Scala module 2.11.4 requires Jackson Databind version >= 2.11.0 and < 2.12.0[0m[0m
[0m[[0m[0minfo[0m] [0m[0m[31m  at com.fasterxml.jackson.module.scala.JacksonModule.setupModule(JacksonModule.scala:61)[0m[0m
[0m[[0m[0minfo[0m] [0m[0m[31m  at com.fasterxml.jackson.module.scala.JacksonModule.setupModule$(JacksonModule.scala:46)[0m[0m
[0m[[0m[0minfo[0m] [0m[0m[31m  at com.fasterxml.jackson.module.scala.DefaultScalaModule.setupModule(DefaultScalaModule.scala:17)[0m[0m
[0m[[0m[0minfo[0m] [0m[0m[31m  at com.fasterxml.jackson.databind.ObjectMapper.registerModule(ObjectMapper.java:879)[0m[0m
[0m[[0m[0minfo[0m] [0m[0m[31m  at akka.serialization.jackson.JacksonObjectMapperProvider$.$anonfun$configureObjectMapperModules$4(JacksonObjectMapperProvider.scala:242)[0m[0m
[0m[[0m[0minfo[0m] [0m[0m[31m  at akka.serialization.jackson.JacksonObjectMapperProvider$.$anonfun$configureObjectMapperModules$4$adapted(JacksonObjectMapperProvider.scala:241)[0m[0m
[0m[[0m[0minfo[0m] [0m[0m[31m  at scala.collection.immutable.List.foreach(List.scala:333)[0m[0m
[0m[[0m[0minfo[0m] [0m[0m[31m  at akka.serialization.jackson.JacksonObjectMapperProvider$.configureObjectMapperModules(JacksonObjectMapperProvider.scala:241)[0m[0m
[0m[[0m[0minfo[0m] [0m[0m[31m  at akka.serialization.jackson.JacksonObjectMapperProvider$.createObjectMapper(JacksonObjectMapperProvider.scala:265)[0m[0m
[0m[[0m[0minfo[0m] [0m[0m[31m  at akka.serialization.jackson.JacksonObjectMapperProvider.create(JacksonObjectMapperProvider.scala:359)[0m[0m
[0m[[0m[0minfo[0m] [0m[0m[31m  ...[0m[0m
[0m[[0m[0minfo[0m] [0m[0m[32mApplicationControllerSpec:[0m[0m
[0m[[0m[0minfo[0m] [0m[0m[31mcontrollers.ApplicationControllerSpec *** ABORTED ***[0m[0m
[0m[[0m[0minfo[0m] [0m[0m[31m  com.google.inject.ProvisionException: Unable to provision, see the following errors:[0m[0m
[0m[[0m[0minfo[0m] [0m[0m[31m[0m[0m
[0m[[0m[0minfo[0m] [0m[0m[31m1) Error injecting constructor, com.fasterxml.jackson.databind.JsonMappingException: Scala module 2.11.4 requires Jackson Databind version >= 2.11.0 and < 2.12.0[0m[0m
[0m[[0m[0minfo[0m] [0m[0m[31m  at play.api.http.EnabledFilters.<init>(HttpFilters.scala:78)[0m[0m
[0m[[0m[0minfo[0m] [0m[0m[31m  at play.utils.Reflect$.bindingsFromConfiguration(Reflect.scala:70):[0m[0m
[0m[[0m[0minfo[0m] [0m[0m[31mBinding(class play.api.http.EnabledFilters to self) (via modules: com.google.inject.util.Modules$OverrideModule -> play.api.inject.guice.GuiceableModuleConversions$$anon$4)[0m[0m
[0m[[0m[0minfo[0m] [0m[0m[31m  while locating play.api.http.EnabledFilters[0m[0m
[0m[[0m[0minfo[0m] [0m[0m[31m  while locating play.api.http.HttpFilters[0m[0m
[0m[[0m[0minfo[0m] [0m[0m[31m    for the 6th parameter of play.api.http.JavaCompatibleHttpRequestHandler.<init>(HttpRequestHandler.scala:322)[0m[0m
[0m[[0m[0minfo[0m] [0m[0m[31m  while locating play.api.http.JavaCompatibleHttpRequestHandler[0m[0m
[0m[[0m[0minfo[0m] [0m[0m[31m  while locating play.api.http.HttpRequestHandler[0m[0m
[0m[[0m[0minfo[0m] [0m[0m[31m    for the 6th parameter of play.api.DefaultApplication.<init>(Application.scala:178)[0m[0m
[0m[[0m[0minfo[0m] [0m[0m[31m  at play.api.DefaultApplication.class(Application.scala:177)[0m[0m
[0m[[0m[0minfo[0m] [0m[0m[31m  while locating play.api.DefaultApplication[0m[0m
[0m[[0m[0minfo[0m] [0m[0m[31m  while locating play.api.Application[0m[0m
[0m[[0m[0minfo[0m] [0m[0m[31m[0m[0m
[0m[[0m[0minfo[0m] [0m[0m[31m1 error[0m[0m
[0m[[0m[0minfo[0m] [0m[0m[31m  at com.google.inject.internal.InternalProvisionException.toProvisionException(InternalProvisionException.java:226)[0m[0m
[0m[[0m[0minfo[0m] [0m[0m[31m  at com.google.inject.internal.InjectorImpl$1.get(InjectorImpl.java:1097)[0m[0m
[0m[[0m[0minfo[0m] [0m[0m[31m  at com.google.inject.internal.InjectorImpl.getInstance(InjectorImpl.java:1131)[0m[0m
[0m[[0m[0minfo[0m] [0m[0m[31m  at play.api.inject.guice.GuiceInjector.instanceOf(GuiceInjectorBuilder.scala:436)[0m[0m
[0m[[0m[0minfo[0m] [0m[0m[31m  at play.api.inject.guice.GuiceInjector.instanceOf(GuiceInjectorBuilder.scala:431)[0m[0m
[0m[[0m[0minfo[0m] [0m[0m[31m  at play.api.inject.ContextClassLoaderInjector.$anonfun$instanceOf$2(Injector.scala:119)[0m[0m
[0m[[0m[0minfo[0m] [0m[0m[31m  at play.api.inject.ContextClassLoaderInjector.withContext(Injector.scala:128)[0m[0m
[0m[[0m[0minfo[0m] [0m[0m[31m  at play.api.inject.ContextClassLoaderInjector.instanceOf(Injector.scala:119)[0m[0m
[0m[[0m[0minfo[0m] [0m[0m[31m  at play.api.inject.guice.GuiceApplicationBuilder.build(GuiceApplicationBuilder.scala:155)[0m[0m
[0m[[0m[0minfo[0m] [0m[0m[31m  at baseSpec.BaseSpecWithApplication.fakeApplication(BaseSpec.scala:38)[0m[0m
[0m[[0m[0minfo[0m] [0m[0m[31m  ...[0m[0m
[0m[[0m[0minfo[0m] [0m[0m[31m  Cause: com.fasterxml.jackson.databind.JsonMappingException: Scala module 2.11.4 requires Jackson Databind version >= 2.11.0 and < 2.12.0[0m[0m
[0m[[0m[0minfo[0m] [0m[0m[31m  at com.fasterxml.jackson.module.scala.JacksonModule.setupModule(JacksonModule.scala:61)[0m[0m
[0m[[0m[0minfo[0m] [0m[0m[31m  at com.fasterxml.jackson.module.scala.JacksonModule.setupModule$(JacksonModule.scala:46)[0m[0m
[0m[[0m[0minfo[0m] [0m[0m[31m  at com.fasterxml.jackson.module.scala.DefaultScalaModule.setupModule(DefaultScalaModule.scala:17)[0m[0m
[0m[[0m[0minfo[0m] [0m[0m[31m  at com.fasterxml.jackson.databind.ObjectMapper.registerModule(ObjectMapper.java:879)[0m[0m
[0m[[0m[0minfo[0m] [0m[0m[31m  at akka.serialization.jackson.JacksonObjectMapperProvider$.$anonfun$configureObjectMapperModules$4(JacksonObjectMapperProvider.scala:242)[0m[0m
[0m[[0m[0minfo[0m] [0m[0m[31m  at akka.serialization.jackson.JacksonObjectMapperProvider$.$anonfun$configureObjectMapperModules$4$adapted(JacksonObjectMapperProvider.scala:241)[0m[0m
[0m[[0m[0minfo[0m] [0m[0m[31m  at scala.collection.immutable.List.foreach(List.scala:333)[0m[0m
[0m[[0m[0minfo[0m] [0m[0m[31m  at akka.serialization.jackson.JacksonObjectMapperProvider$.configureObjectMapperModules(JacksonObjectMapperProvider.scala:241)[0m[0m
[0m[[0m[0minfo[0m] [0m[0m[31m  at akka.serialization.jackson.JacksonObjectMapperProvider$.createObjectMapper(JacksonObjectMapperProvider.scala:265)[0m[0m
[0m[[0m[0minfo[0m] [0m[0m[31m  at akka.serialization.jackson.JacksonObjectMapperProvider.create(JacksonObjectMapperProvider.scala:359)[0m[0m
[0m[[0m[0minfo[0m] [0m[0m[31m  ...[0m[0m
[0m[[0m[0minfo[0m] [0m[0m[36mRun completed in 1 second, 221 milliseconds.[0m[0m
[0m[[0m[0minfo[0m] [0m[0m[36mTotal number of tests run: 0[0m[0m
[0m[[0m[0minfo[0m] [0m[0m[36mSuites: completed 0, aborted 2[0m[0m
[0m[[0m[0minfo[0m] [0m[0m[36mTests: succeeded 0, failed 0, canceled 0, ignored 0, pending 0[0m[0m
[0m[[0m[0minfo[0m] [0m[0m[31m*** 2 SUITES ABORTED ***[0m[0m
[0m[[0m[31merror[0m] [0m[0mError during tests:[0m
[0m[[0m[31merror[0m] [0m[0m	controllers.ApplicationControllerSpec[0m
[0m[[0m[31merror[0m] [0m[0m	controllers.HomeControllerSpec[0m
[0m[[0m[31merror[0m] [0m[0m(Test / [31mtest[0m) sbt.TestsFailedException: Tests unsuccessful[0m
[0m[[0m[31merror[0m] [0m[0mTotal time: 3 s, completed 23 Jan 2024, 11:01:04[0m
[0m[[0m[0mdebug[0m] [0m[0m> Exec(idea-shell, None, None)[0m
